[2.302s] Invoking command in '/home/henry/ros2_ws/src/vision_rpi_bot': DEBUGINFOD_URLS=https://debuginfod.ubuntu.com PYTHONPATH=/home/henry/ros2_ws/build/vision_rpi_bot/prefix_override:/usr/lib/python3/dist-packages/colcon_core/task/python/colcon_distutils_commands:/home/henry/ros2_ws/install/vision_rpi_bot/lib/python3.12/site-packages:${PYTHONPATH} /usr/bin/python3 -W ignore:setup.py install is deprecated -W ignore:easy_install command is deprecated setup.py egg_info --egg-base ../../build/vision_rpi_bot build --build-base /home/henry/ros2_ws/build/vision_rpi_bot/build install --record /home/henry/ros2_ws/build/vision_rpi_bot/install.log --single-version-externally-managed install_data
[2.726s] running egg_info
[2.751s] writing ../../build/vision_rpi_bot/vision_rpi_bot.egg-info/PKG-INFO
[2.756s] writing dependency_links to ../../build/vision_rpi_bot/vision_rpi_bot.egg-info/dependency_links.txt
[2.757s] writing entry points to ../../build/vision_rpi_bot/vision_rpi_bot.egg-info/entry_points.txt
[2.757s] writing requirements to ../../build/vision_rpi_bot/vision_rpi_bot.egg-info/requires.txt
[2.759s] writing top-level names to ../../build/vision_rpi_bot/vision_rpi_bot.egg-info/top_level.txt
[2.805s] reading manifest file '../../build/vision_rpi_bot/vision_rpi_bot.egg-info/SOURCES.txt'
[2.809s] writing manifest file '../../build/vision_rpi_bot/vision_rpi_bot.egg-info/SOURCES.txt'
[2.809s] running build
[2.809s] running build_py
[2.809s] copying vision_rpi_bot/subscriber.py -> /home/henry/ros2_ws/build/vision_rpi_bot/build/lib/vision_rpi_bot
[2.811s] running install
[2.843s] running install_lib
[2.845s] copying /home/henry/ros2_ws/build/vision_rpi_bot/build/lib/vision_rpi_bot/subscriber.py -> /home/henry/ros2_ws/install/vision_rpi_bot/lib/python3.12/site-packages/vision_rpi_bot
[2.845s] byte-compiling /home/henry/ros2_ws/install/vision_rpi_bot/lib/python3.12/site-packages/vision_rpi_bot/subscriber.py to subscriber.cpython-312.pyc
[2.847s] running install_data
[2.850s] running install_egg_info
[2.885s] removing '/home/henry/ros2_ws/install/vision_rpi_bot/lib/python3.12/site-packages/vision_rpi_bot-0.0.0-py3.12.egg-info' (and everything under it)
[2.885s] Copying ../../build/vision_rpi_bot/vision_rpi_bot.egg-info to /home/henry/ros2_ws/install/vision_rpi_bot/lib/python3.12/site-packages/vision_rpi_bot-0.0.0-py3.12.egg-info
[2.888s] running install_scripts
[3.061s] Installing publisher_node script to /home/henry/ros2_ws/install/vision_rpi_bot/lib/vision_rpi_bot
[3.062s] Installing subscriber_node script to /home/henry/ros2_ws/install/vision_rpi_bot/lib/vision_rpi_bot
[3.066s] writing list of installed files to '/home/henry/ros2_ws/build/vision_rpi_bot/install.log'
[3.110s] Invoked command in '/home/henry/ros2_ws/src/vision_rpi_bot' returned '0': DEBUGINFOD_URLS=https://debuginfod.ubuntu.com PYTHONPATH=/home/henry/ros2_ws/build/vision_rpi_bot/prefix_override:/usr/lib/python3/dist-packages/colcon_core/task/python/colcon_distutils_commands:/home/henry/ros2_ws/install/vision_rpi_bot/lib/python3.12/site-packages:${PYTHONPATH} /usr/bin/python3 -W ignore:setup.py install is deprecated -W ignore:easy_install command is deprecated setup.py egg_info --egg-base ../../build/vision_rpi_bot build --build-base /home/henry/ros2_ws/build/vision_rpi_bot/build install --record /home/henry/ros2_ws/build/vision_rpi_bot/install.log --single-version-externally-managed install_data
