running egg_info
creating ../../build/vision_rpi_bot/vision_rpi_bot.egg-info
writing ../../build/vision_rpi_bot/vision_rpi_bot.egg-info/PKG-INFO
writing dependency_links to ../../build/vision_rpi_bot/vision_rpi_bot.egg-info/dependency_links.txt
writing requirements to ../../build/vision_rpi_bot/vision_rpi_bot.egg-info/requires.txt
writing top-level names to ../../build/vision_rpi_bot/vision_rpi_bot.egg-info/top_level.txt
writing manifest file '../../build/vision_rpi_bot/vision_rpi_bot.egg-info/SOURCES.txt'
reading manifest file '../../build/vision_rpi_bot/vision_rpi_bot.egg-info/SOURCES.txt'
writing manifest file '../../build/vision_rpi_bot/vision_rpi_bot.egg-info/SOURCES.txt'
running build
running build_py
creating /home/henry/ros2_ws/build/vision_rpi_bot/build
creating /home/henry/ros2_ws/build/vision_rpi_bot/build/lib
creating /home/henry/ros2_ws/build/vision_rpi_bot/build/lib/vision_rpi_bot
copying vision_rpi_bot/__init__.py -> /home/henry/ros2_ws/build/vision_rpi_bot/build/lib/vision_rpi_bot
running install
running install_lib
creating /home/henry/ros2_ws/install/vision_rpi_bot/lib/python3.12/site-packages/vision_rpi_bot
copying /home/henry/ros2_ws/build/vision_rpi_bot/build/lib/vision_rpi_bot/__init__.py -> /home/henry/ros2_ws/install/vision_rpi_bot/lib/python3.12/site-packages/vision_rpi_bot
byte-compiling /home/henry/ros2_ws/install/vision_rpi_bot/lib/python3.12/site-packages/vision_rpi_bot/__init__.py to __init__.cpython-312.pyc
running install_data
creating /home/henry/ros2_ws/install/vision_rpi_bot/share/ament_index
creating /home/henry/ros2_ws/install/vision_rpi_bot/share/ament_index/resource_index
creating /home/henry/ros2_ws/install/vision_rpi_bot/share/ament_index/resource_index/packages
copying resource/vision_rpi_bot -> /home/henry/ros2_ws/install/vision_rpi_bot/share/ament_index/resource_index/packages
copying package.xml -> /home/henry/ros2_ws/install/vision_rpi_bot/share/vision_rpi_bot
running install_egg_info
Copying ../../build/vision_rpi_bot/vision_rpi_bot.egg-info to /home/henry/ros2_ws/install/vision_rpi_bot/lib/python3.12/site-packages/vision_rpi_bot-0.0.0-py3.12.egg-info
running install_scripts
writing list of installed files to '/home/henry/ros2_ws/build/vision_rpi_bot/install.log'
