[1.497s] Invoking command in '/home/henry/ros2_ws/src/vision_rpi_bot': DEBUGINFOD_URLS=https://debuginfod.ubuntu.com PYTHONPATH=/home/henry/ros2_ws/build/vision_rpi_bot/prefix_override:/usr/lib/python3/dist-packages/colcon_core/task/python/colcon_distutils_commands:/home/henry/ros2_ws/install/vision_rpi_bot/lib/python3.12/site-packages:${PYTHONPATH} /usr/bin/python3 -W ignore:setup.py install is deprecated -W ignore:easy_install command is deprecated setup.py egg_info --egg-base ../../build/vision_rpi_bot build --build-base /home/henry/ros2_ws/build/vision_rpi_bot/build install --record /home/henry/ros2_ws/build/vision_rpi_bot/install.log --single-version-externally-managed install_data
[1.878s] running egg_info
[1.908s] writing ../../build/vision_rpi_bot/vision_rpi_bot.egg-info/PKG-INFO
[1.909s] writing dependency_links to ../../build/vision_rpi_bot/vision_rpi_bot.egg-info/dependency_links.txt
[1.911s] writing entry points to ../../build/vision_rpi_bot/vision_rpi_bot.egg-info/entry_points.txt
[1.911s] writing requirements to ../../build/vision_rpi_bot/vision_rpi_bot.egg-info/requires.txt
[1.912s] writing top-level names to ../../build/vision_rpi_bot/vision_rpi_bot.egg-info/top_level.txt
[1.961s] reading manifest file '../../build/vision_rpi_bot/vision_rpi_bot.egg-info/SOURCES.txt'
[1.963s] writing manifest file '../../build/vision_rpi_bot/vision_rpi_bot.egg-info/SOURCES.txt'
[1.965s] running build
[1.965s] running build_py
[1.965s] running install
[1.973s] running install_lib
[1.995s] running install_data
[1.996s] running install_egg_info
[2.027s] removing '/home/henry/ros2_ws/install/vision_rpi_bot/lib/python3.12/site-packages/vision_rpi_bot-0.0.0-py3.12.egg-info' (and everything under it)
[2.030s] Copying ../../build/vision_rpi_bot/vision_rpi_bot.egg-info to /home/henry/ros2_ws/install/vision_rpi_bot/lib/python3.12/site-packages/vision_rpi_bot-0.0.0-py3.12.egg-info
[2.031s] running install_scripts
[2.215s] Installing publisher_node script to /home/henry/ros2_ws/install/vision_rpi_bot/lib/vision_rpi_bot
[2.216s] Installing subscriber_node script to /home/henry/ros2_ws/install/vision_rpi_bot/lib/vision_rpi_bot
[2.216s] writing list of installed files to '/home/henry/ros2_ws/build/vision_rpi_bot/install.log'
[2.262s] Invoked command in '/home/henry/ros2_ws/src/vision_rpi_bot' returned '0': DEBUGINFOD_URLS=https://debuginfod.ubuntu.com PYTHONPATH=/home/henry/ros2_ws/build/vision_rpi_bot/prefix_override:/usr/lib/python3/dist-packages/colcon_core/task/python/colcon_distutils_commands:/home/henry/ros2_ws/install/vision_rpi_bot/lib/python3.12/site-packages:${PYTHONPATH} /usr/bin/python3 -W ignore:setup.py install is deprecated -W ignore:easy_install command is deprecated setup.py egg_info --egg-base ../../build/vision_rpi_bot build --build-base /home/henry/ros2_ws/build/vision_rpi_bot/build install --record /home/henry/ros2_ws/build/vision_rpi_bot/install.log --single-version-externally-managed install_data
