[1.328s] Invoking command in '/home/henry/ros2_ws/src/vision_rpi_bot': DEBUGINFOD_URLS=https://debuginfod.ubuntu.com PYTHONPATH=/home/henry/ros2_ws/build/vision_rpi_bot/prefix_override:/usr/lib/python3/dist-packages/colcon_core/task/python/colcon_distutils_commands:/home/henry/ros2_ws/install/vision_rpi_bot/lib/python3.12/site-packages:${PYTHONPATH} /usr/bin/python3 -W ignore:setup.py install is deprecated -W ignore:easy_install command is deprecated setup.py egg_info --egg-base ../../build/vision_rpi_bot build --build-base /home/henry/ros2_ws/build/vision_rpi_bot/build install --record /home/henry/ros2_ws/build/vision_rpi_bot/install.log --single-version-externally-managed install_data
[1.729s] running egg_info
[1.756s] writing ../../build/vision_rpi_bot/vision_rpi_bot.egg-info/PKG-INFO
[1.758s] writing dependency_links to ../../build/vision_rpi_bot/vision_rpi_bot.egg-info/dependency_links.txt
[1.760s] writing entry points to ../../build/vision_rpi_bot/vision_rpi_bot.egg-info/entry_points.txt
[1.760s] writing requirements to ../../build/vision_rpi_bot/vision_rpi_bot.egg-info/requires.txt
[1.761s] writing top-level names to ../../build/vision_rpi_bot/vision_rpi_bot.egg-info/top_level.txt
[1.817s] reading manifest file '../../build/vision_rpi_bot/vision_rpi_bot.egg-info/SOURCES.txt'
[1.818s] writing manifest file '../../build/vision_rpi_bot/vision_rpi_bot.egg-info/SOURCES.txt'
[1.819s] running build
[1.819s] running build_py
[1.819s] copying vision_rpi_bot/publisher.py -> /home/henry/ros2_ws/build/vision_rpi_bot/build/lib/vision_rpi_bot
[1.821s] copying vision_rpi_bot/subscriber.py -> /home/henry/ros2_ws/build/vision_rpi_bot/build/lib/vision_rpi_bot
[1.821s] running install
[1.827s] running install_lib
[1.850s] copying /home/henry/ros2_ws/build/vision_rpi_bot/build/lib/vision_rpi_bot/publisher.py -> /home/henry/ros2_ws/install/vision_rpi_bot/lib/python3.12/site-packages/vision_rpi_bot
[1.850s] copying /home/henry/ros2_ws/build/vision_rpi_bot/build/lib/vision_rpi_bot/subscriber.py -> /home/henry/ros2_ws/install/vision_rpi_bot/lib/python3.12/site-packages/vision_rpi_bot
[1.853s] byte-compiling /home/henry/ros2_ws/install/vision_rpi_bot/lib/python3.12/site-packages/vision_rpi_bot/publisher.py to publisher.cpython-312.pyc
[1.855s] byte-compiling /home/henry/ros2_ws/install/vision_rpi_bot/lib/python3.12/site-packages/vision_rpi_bot/subscriber.py to subscriber.cpython-312.pyc
[1.857s] running install_data
[1.857s] running install_egg_info
[1.883s] removing '/home/henry/ros2_ws/install/vision_rpi_bot/lib/python3.12/site-packages/vision_rpi_bot-0.0.0-py3.12.egg-info' (and everything under it)
[1.891s] Copying ../../build/vision_rpi_bot/vision_rpi_bot.egg-info to /home/henry/ros2_ws/install/vision_rpi_bot/lib/python3.12/site-packages/vision_rpi_bot-0.0.0-py3.12.egg-info
[1.891s] running install_scripts
[2.071s] Installing publisher_node script to /home/henry/ros2_ws/install/vision_rpi_bot/lib/vision_rpi_bot
[2.074s] Installing subscriber_node script to /home/henry/ros2_ws/install/vision_rpi_bot/lib/vision_rpi_bot
[2.074s] writing list of installed files to '/home/henry/ros2_ws/build/vision_rpi_bot/install.log'
[2.118s] Invoked command in '/home/henry/ros2_ws/src/vision_rpi_bot' returned '0': DEBUGINFOD_URLS=https://debuginfod.ubuntu.com PYTHONPATH=/home/henry/ros2_ws/build/vision_rpi_bot/prefix_override:/usr/lib/python3/dist-packages/colcon_core/task/python/colcon_distutils_commands:/home/henry/ros2_ws/install/vision_rpi_bot/lib/python3.12/site-packages:${PYTHONPATH} /usr/bin/python3 -W ignore:setup.py install is deprecated -W ignore:easy_install command is deprecated setup.py egg_info --egg-base ../../build/vision_rpi_bot build --build-base /home/henry/ros2_ws/build/vision_rpi_bot/build install --record /home/henry/ros2_ws/build/vision_rpi_bot/install.log --single-version-externally-managed install_data
