[0.538s] DEBUG:colcon:Command line arguments: ['/usr/bin/colcon', 'build']
[0.539s] DEBUG:colcon:Parsed command line arguments: Namespace(log_base=None, log_level=None, verb_name='build', build_base='build', install_base='install', merge_install=False, symlink_install=False, test_result_base=None, continue_on_error=False, executor='parallel', parallel_workers=4, event_handlers=None, ignore_user_meta=False, metas=['./colcon.meta'], base_paths=['.'], packages_ignore=None, packages_ignore_regex=None, paths=None, packages_up_to=None, packages_up_to_regex=None, packages_above=None, packages_above_and_dependencies=None, packages_above_depth=None, packages_select_by_dep=None, packages_skip_by_dep=None, packages_skip_up_to=None, packages_select_build_failed=False, packages_skip_build_finished=False, packages_select_test_failures=False, packages_skip_test_passed=False, packages_select=None, packages_skip=None, packages_select_regex=None, packages_skip_regex=None, packages_start=None, packages_end=None, allow_overriding=[], cmake_args=None, cmake_target=None, cmake_target_skip_unavailable=False, cmake_clean_cache=False, cmake_clean_first=False, cmake_force_configure=False, ament_cmake_args=None, catkin_cmake_args=None, catkin_skip_building_tests=False, mixin_files=None, mixin=None, verb_parser=<colcon_mixin.mixin.mixin_argument.MixinArgumentDecorator object at 0x7d218ea7b3b0>, verb_extension=<colcon_core.verb.build.BuildVerb object at 0x7d218eb9fe30>, main=<bound method BuildVerb.main of <colcon_core.verb.build.BuildVerb object at 0x7d218eb9fe30>>, mixin_verb=('build',))
[0.676s] Level 1:colcon.colcon_core.package_discovery:discover_packages(colcon_meta) check parameters
[0.676s] Level 1:colcon.colcon_core.package_discovery:discover_packages(recursive) check parameters
[0.676s] Level 1:colcon.colcon_core.package_discovery:discover_packages(ignore) check parameters
[0.676s] Level 1:colcon.colcon_core.package_discovery:discover_packages(path) check parameters
[0.676s] Level 1:colcon.colcon_core.package_discovery:discover_packages(colcon_meta) discover
[0.676s] Level 1:colcon.colcon_core.package_discovery:discover_packages(recursive) discover
[0.676s] INFO:colcon.colcon_core.package_discovery:Crawling recursively for packages in '/home/henry/ros2_ws'
[0.676s] Level 1:colcon.colcon_core.package_identification:_identify(.) by extensions ['ignore', 'ignore_ament_install']
[0.677s] Level 1:colcon.colcon_core.package_identification:_identify(.) by extension 'ignore'
[0.677s] Level 1:colcon.colcon_core.package_identification:_identify(.) by extension 'ignore_ament_install'
[0.677s] Level 1:colcon.colcon_core.package_identification:_identify(.) by extensions ['colcon_pkg']
[0.677s] Level 1:colcon.colcon_core.package_identification:_identify(.) by extension 'colcon_pkg'
[0.677s] Level 1:colcon.colcon_core.package_identification:_identify(.) by extensions ['colcon_meta']
[0.677s] Level 1:colcon.colcon_core.package_identification:_identify(.) by extension 'colcon_meta'
[0.677s] Level 1:colcon.colcon_core.package_identification:_identify(.) by extensions ['ros']
[0.677s] Level 1:colcon.colcon_core.package_identification:_identify(.) by extension 'ros'
[0.735s] Level 1:colcon.colcon_core.package_identification:_identify(.) by extensions ['cmake', 'python']
[0.735s] Level 1:colcon.colcon_core.package_identification:_identify(.) by extension 'cmake'
[0.735s] Level 1:colcon.colcon_core.package_identification:_identify(.) by extension 'python'
[0.735s] Level 1:colcon.colcon_core.package_identification:_identify(.) by extensions ['python_setup_py']
[0.735s] Level 1:colcon.colcon_core.package_identification:_identify(.) by extension 'python_setup_py'
[0.735s] Level 1:colcon.colcon_core.package_identification:_identify(build) by extensions ['ignore', 'ignore_ament_install']
[0.736s] Level 1:colcon.colcon_core.package_identification:_identify(build) by extension 'ignore'
[0.736s] Level 1:colcon.colcon_core.package_identification:_identify(build) ignored
[0.736s] Level 1:colcon.colcon_core.package_identification:_identify(install) by extensions ['ignore', 'ignore_ament_install']
[0.736s] Level 1:colcon.colcon_core.package_identification:_identify(install) by extension 'ignore'
[0.736s] Level 1:colcon.colcon_core.package_identification:_identify(install) ignored
[0.736s] Level 1:colcon.colcon_core.package_identification:_identify(log) by extensions ['ignore', 'ignore_ament_install']
[0.736s] Level 1:colcon.colcon_core.package_identification:_identify(log) by extension 'ignore'
[0.737s] Level 1:colcon.colcon_core.package_identification:_identify(log) ignored
[0.737s] Level 1:colcon.colcon_core.package_identification:_identify(src) by extensions ['ignore', 'ignore_ament_install']
[0.737s] Level 1:colcon.colcon_core.package_identification:_identify(src) by extension 'ignore'
[0.737s] Level 1:colcon.colcon_core.package_identification:_identify(src) by extension 'ignore_ament_install'
[0.737s] Level 1:colcon.colcon_core.package_identification:_identify(src) by extensions ['colcon_pkg']
[0.737s] Level 1:colcon.colcon_core.package_identification:_identify(src) by extension 'colcon_pkg'
[0.737s] Level 1:colcon.colcon_core.package_identification:_identify(src) by extensions ['colcon_meta']
[0.737s] Level 1:colcon.colcon_core.package_identification:_identify(src) by extension 'colcon_meta'
[0.737s] Level 1:colcon.colcon_core.package_identification:_identify(src) by extensions ['ros']
[0.737s] Level 1:colcon.colcon_core.package_identification:_identify(src) by extension 'ros'
[0.737s] Level 1:colcon.colcon_core.package_identification:_identify(src) by extensions ['cmake', 'python']
[0.737s] Level 1:colcon.colcon_core.package_identification:_identify(src) by extension 'cmake'
[0.737s] Level 1:colcon.colcon_core.package_identification:_identify(src) by extension 'python'
[0.738s] Level 1:colcon.colcon_core.package_identification:_identify(src) by extensions ['python_setup_py']
[0.738s] Level 1:colcon.colcon_core.package_identification:_identify(src) by extension 'python_setup_py'
[0.738s] Level 1:colcon.colcon_core.package_identification:_identify(src/vision_rpi_bot) by extensions ['ignore', 'ignore_ament_install']
[0.738s] Level 1:colcon.colcon_core.package_identification:_identify(src/vision_rpi_bot) by extension 'ignore'
[0.738s] Level 1:colcon.colcon_core.package_identification:_identify(src/vision_rpi_bot) by extension 'ignore_ament_install'
[0.738s] Level 1:colcon.colcon_core.package_identification:_identify(src/vision_rpi_bot) by extensions ['colcon_pkg']
[0.738s] Level 1:colcon.colcon_core.package_identification:_identify(src/vision_rpi_bot) by extension 'colcon_pkg'
[0.738s] Level 1:colcon.colcon_core.package_identification:_identify(src/vision_rpi_bot) by extensions ['colcon_meta']
[0.738s] Level 1:colcon.colcon_core.package_identification:_identify(src/vision_rpi_bot) by extension 'colcon_meta'
[0.738s] Level 1:colcon.colcon_core.package_identification:_identify(src/vision_rpi_bot) by extensions ['ros']
[0.738s] Level 1:colcon.colcon_core.package_identification:_identify(src/vision_rpi_bot) by extension 'ros'
[0.744s] DEBUG:colcon.colcon_core.package_identification:Package 'src/vision_rpi_bot' with type 'ros.ament_python' and name 'vision_rpi_bot'
[0.744s] Level 1:colcon.colcon_core.package_discovery:discover_packages(recursive) using defaults
[0.745s] Level 1:colcon.colcon_core.package_discovery:discover_packages(ignore) discover
[0.745s] Level 1:colcon.colcon_core.package_discovery:discover_packages(ignore) using defaults
[0.745s] Level 1:colcon.colcon_core.package_discovery:discover_packages(path) discover
[0.745s] Level 1:colcon.colcon_core.package_discovery:discover_packages(path) using defaults
[0.793s] Level 1:colcon.colcon_core.package_discovery:discover_packages(prefix_path) check parameters
[0.794s] Level 1:colcon.colcon_core.package_discovery:discover_packages(prefix_path) discover
[0.803s] DEBUG:colcon.colcon_installed_package_information.package_discovery:Found 285 installed packages in /opt/ros/jazzy
[0.804s] Level 1:colcon.colcon_core.package_discovery:discover_packages(prefix_path) using defaults
[1.055s] Level 5:colcon.colcon_core.verb:set package 'vision_rpi_bot' build argument 'cmake_args' from command line to 'None'
[1.055s] Level 5:colcon.colcon_core.verb:set package 'vision_rpi_bot' build argument 'cmake_target' from command line to 'None'
[1.055s] Level 5:colcon.colcon_core.verb:set package 'vision_rpi_bot' build argument 'cmake_target_skip_unavailable' from command line to 'False'
[1.055s] Level 5:colcon.colcon_core.verb:set package 'vision_rpi_bot' build argument 'cmake_clean_cache' from command line to 'False'
[1.055s] Level 5:colcon.colcon_core.verb:set package 'vision_rpi_bot' build argument 'cmake_clean_first' from command line to 'False'
[1.055s] Level 5:colcon.colcon_core.verb:set package 'vision_rpi_bot' build argument 'cmake_force_configure' from command line to 'False'
[1.055s] Level 5:colcon.colcon_core.verb:set package 'vision_rpi_bot' build argument 'ament_cmake_args' from command line to 'None'
[1.055s] Level 5:colcon.colcon_core.verb:set package 'vision_rpi_bot' build argument 'catkin_cmake_args' from command line to 'None'
[1.055s] Level 5:colcon.colcon_core.verb:set package 'vision_rpi_bot' build argument 'catkin_skip_building_tests' from command line to 'False'
[1.056s] DEBUG:colcon.colcon_core.verb:Building package 'vision_rpi_bot' with the following arguments: {'ament_cmake_args': None, 'build_base': '/home/henry/ros2_ws/build/vision_rpi_bot', 'catkin_cmake_args': None, 'catkin_skip_building_tests': False, 'cmake_args': None, 'cmake_clean_cache': False, 'cmake_clean_first': False, 'cmake_force_configure': False, 'cmake_target': None, 'cmake_target_skip_unavailable': False, 'install_base': '/home/henry/ros2_ws/install/vision_rpi_bot', 'merge_install': False, 'path': '/home/henry/ros2_ws/src/vision_rpi_bot', 'symlink_install': False, 'test_result_base': None}
[1.056s] INFO:colcon.colcon_core.executor:Executing jobs using 'parallel' executor
[1.058s] DEBUG:colcon.colcon_parallel_executor.executor.parallel:run_until_complete
[1.059s] INFO:colcon.colcon_ros.task.ament_python.build:Building ROS package in '/home/henry/ros2_ws/src/vision_rpi_bot' with build type 'ament_python'
[1.060s] Level 1:colcon.colcon_core.shell:create_environment_hook('vision_rpi_bot', 'ament_prefix_path')
[1.075s] INFO:colcon.colcon_core.plugin_system:Skipping extension 'colcon_core.shell.bat': Not used on non-Windows systems
[1.075s] INFO:colcon.colcon_core.shell:Creating environment hook '/home/henry/ros2_ws/install/vision_rpi_bot/share/vision_rpi_bot/hook/ament_prefix_path.ps1'
[1.079s] INFO:colcon.colcon_core.shell:Creating environment descriptor '/home/henry/ros2_ws/install/vision_rpi_bot/share/vision_rpi_bot/hook/ament_prefix_path.dsv'
[1.084s] INFO:colcon.colcon_core.shell:Creating environment hook '/home/henry/ros2_ws/install/vision_rpi_bot/share/vision_rpi_bot/hook/ament_prefix_path.sh'
[1.087s] INFO:colcon.colcon_core.shell:Skip shell extension 'powershell' for command environment: Not usable outside of PowerShell
[1.087s] DEBUG:colcon.colcon_core.shell:Skip shell extension 'dsv' for command environment
[1.452s] INFO:colcon.colcon_core.task.python.build:Building Python package in '/home/henry/ros2_ws/src/vision_rpi_bot'
[1.452s] INFO:colcon.colcon_core.shell:Skip shell extension 'powershell' for command environment: Not usable outside of PowerShell
[1.452s] DEBUG:colcon.colcon_core.shell:Skip shell extension 'dsv' for command environment
[3.103s] DEBUG:colcon.colcon_core.event_handler.log_command:Invoking command in '/home/henry/ros2_ws/src/vision_rpi_bot': DEBUGINFOD_URLS=https://debuginfod.ubuntu.com PYTHONPATH=/home/henry/ros2_ws/build/vision_rpi_bot/prefix_override:/usr/lib/python3/dist-packages/colcon_core/task/python/colcon_distutils_commands:/home/henry/ros2_ws/install/vision_rpi_bot/lib/python3.12/site-packages:${PYTHONPATH} /usr/bin/python3 -W ignore:setup.py install is deprecated -W ignore:easy_install command is deprecated setup.py egg_info --egg-base ../../build/vision_rpi_bot build --build-base /home/henry/ros2_ws/build/vision_rpi_bot/build install --record /home/henry/ros2_ws/build/vision_rpi_bot/install.log --single-version-externally-managed install_data
[3.829s] DEBUG:colcon.colcon_core.event_handler.log_command:Invoked command in '/home/henry/ros2_ws/src/vision_rpi_bot' returned '0': DEBUGINFOD_URLS=https://debuginfod.ubuntu.com PYTHONPATH=/home/henry/ros2_ws/build/vision_rpi_bot/prefix_override:/usr/lib/python3/dist-packages/colcon_core/task/python/colcon_distutils_commands:/home/henry/ros2_ws/install/vision_rpi_bot/lib/python3.12/site-packages:${PYTHONPATH} /usr/bin/python3 -W ignore:setup.py install is deprecated -W ignore:easy_install command is deprecated setup.py egg_info --egg-base ../../build/vision_rpi_bot build --build-base /home/henry/ros2_ws/build/vision_rpi_bot/build install --record /home/henry/ros2_ws/build/vision_rpi_bot/install.log --single-version-externally-managed install_data
[3.841s] Level 1:colcon.colcon_core.environment:checking '/home/henry/ros2_ws/install/vision_rpi_bot' for CMake module files
[3.842s] Level 1:colcon.colcon_core.environment:checking '/home/henry/ros2_ws/install/vision_rpi_bot' for CMake config files
[3.842s] Level 1:colcon.colcon_core.environment:checking '/home/henry/ros2_ws/install/vision_rpi_bot/lib'
[3.843s] Level 1:colcon.colcon_core.environment:checking '/home/henry/ros2_ws/install/vision_rpi_bot/bin'
[3.843s] Level 1:colcon.colcon_core.environment:checking '/home/henry/ros2_ws/install/vision_rpi_bot/lib/pkgconfig/vision_rpi_bot.pc'
[3.843s] Level 1:colcon.colcon_core.environment:checking '/home/henry/ros2_ws/install/vision_rpi_bot/lib/python3.12/site-packages'
[3.843s] Level 1:colcon.colcon_core.shell:create_environment_hook('vision_rpi_bot', 'pythonpath')
[3.844s] INFO:colcon.colcon_core.shell:Creating environment hook '/home/henry/ros2_ws/install/vision_rpi_bot/share/vision_rpi_bot/hook/pythonpath.ps1'
[3.844s] INFO:colcon.colcon_core.shell:Creating environment descriptor '/home/henry/ros2_ws/install/vision_rpi_bot/share/vision_rpi_bot/hook/pythonpath.dsv'
[3.845s] INFO:colcon.colcon_core.shell:Creating environment hook '/home/henry/ros2_ws/install/vision_rpi_bot/share/vision_rpi_bot/hook/pythonpath.sh'
[3.847s] Level 1:colcon.colcon_core.environment:checking '/home/henry/ros2_ws/install/vision_rpi_bot/bin'
[3.847s] Level 1:colcon.colcon_core.environment:create_environment_scripts_only(vision_rpi_bot)
[3.847s] INFO:colcon.colcon_core.shell:Creating package script '/home/henry/ros2_ws/install/vision_rpi_bot/share/vision_rpi_bot/package.ps1'
[3.850s] INFO:colcon.colcon_core.shell:Creating package descriptor '/home/henry/ros2_ws/install/vision_rpi_bot/share/vision_rpi_bot/package.dsv'
[3.852s] INFO:colcon.colcon_core.shell:Creating package script '/home/henry/ros2_ws/install/vision_rpi_bot/share/vision_rpi_bot/package.sh'
[3.854s] INFO:colcon.colcon_core.shell:Creating package script '/home/henry/ros2_ws/install/vision_rpi_bot/share/vision_rpi_bot/package.bash'
[3.857s] INFO:colcon.colcon_core.shell:Creating package script '/home/henry/ros2_ws/install/vision_rpi_bot/share/vision_rpi_bot/package.zsh'
[3.859s] Level 1:colcon.colcon_core.environment:create_file_with_runtime_dependencies(/home/henry/ros2_ws/install/vision_rpi_bot/share/colcon-core/packages/vision_rpi_bot)
[3.860s] DEBUG:colcon.colcon_parallel_executor.executor.parallel:closing loop
[3.860s] DEBUG:colcon.colcon_parallel_executor.executor.parallel:loop closed
[3.860s] DEBUG:colcon.colcon_parallel_executor.executor.parallel:run_until_complete finished with '0'
[3.861s] DEBUG:colcon.colcon_core.event_reactor:joining thread
[3.898s] INFO:colcon.colcon_core.plugin_system:Skipping extension 'colcon_notification.desktop_notification.terminal_notifier': Not used on non-Darwin systems
[3.898s] INFO:colcon.colcon_core.plugin_system:Skipping extension 'colcon_notification.desktop_notification.win32': Not used on non-Windows systems
[3.898s] INFO:colcon.colcon_notification.desktop_notification:Sending desktop notification using 'notify2'
[4.481s] DEBUG:colcon.colcon_core.event_reactor:joined thread
[4.483s] INFO:colcon.colcon_core.shell:Creating prefix script '/home/henry/ros2_ws/install/local_setup.ps1'
[4.488s] INFO:colcon.colcon_core.shell:Creating prefix util module '/home/henry/ros2_ws/install/_local_setup_util_ps1.py'
[4.494s] INFO:colcon.colcon_core.shell:Creating prefix chain script '/home/henry/ros2_ws/install/setup.ps1'
[4.501s] INFO:colcon.colcon_core.shell:Creating prefix script '/home/henry/ros2_ws/install/local_setup.sh'
[4.513s] INFO:colcon.colcon_core.shell:Creating prefix util module '/home/henry/ros2_ws/install/_local_setup_util_sh.py'
[4.517s] INFO:colcon.colcon_core.shell:Creating prefix chain script '/home/henry/ros2_ws/install/setup.sh'
[4.521s] INFO:colcon.colcon_core.shell:Creating prefix script '/home/henry/ros2_ws/install/local_setup.bash'
[4.525s] INFO:colcon.colcon_core.shell:Creating prefix chain script '/home/henry/ros2_ws/install/setup.bash'
[4.529s] INFO:colcon.colcon_core.shell:Creating prefix script '/home/henry/ros2_ws/install/local_setup.zsh'
[4.533s] INFO:colcon.colcon_core.shell:Creating prefix chain script '/home/henry/ros2_ws/install/setup.zsh'
