running egg_info
writing ../../build/vision_rpi_bot/vision_rpi_bot.egg-info/PKG-INFO
writing dependency_links to ../../build/vision_rpi_bot/vision_rpi_bot.egg-info/dependency_links.txt
writing requirements to ../../build/vision_rpi_bot/vision_rpi_bot.egg-info/requires.txt
writing top-level names to ../../build/vision_rpi_bot/vision_rpi_bot.egg-info/top_level.txt
reading manifest file '../../build/vision_rpi_bot/vision_rpi_bot.egg-info/SOURCES.txt'
writing manifest file '../../build/vision_rpi_bot/vision_rpi_bot.egg-info/SOURCES.txt'
running build
running build_py
copying vision_rpi_bot/publisher.py -> /home/henry/ros2_ws/build/vision_rpi_bot/build/lib/vision_rpi_bot
copying vision_rpi_bot/subscriber.py -> /home/henry/ros2_ws/build/vision_rpi_bot/build/lib/vision_rpi_bot
running install
running install_lib
copying /home/henry/ros2_ws/build/vision_rpi_bot/build/lib/vision_rpi_bot/publisher.py -> /home/henry/ros2_ws/install/vision_rpi_bot/lib/python3.12/site-packages/vision_rpi_bot
copying /home/henry/ros2_ws/build/vision_rpi_bot/build/lib/vision_rpi_bot/subscriber.py -> /home/henry/ros2_ws/install/vision_rpi_bot/lib/python3.12/site-packages/vision_rpi_bot
byte-compiling /home/henry/ros2_ws/install/vision_rpi_bot/lib/python3.12/site-packages/vision_rpi_bot/publisher.py to publisher.cpython-312.pyc
byte-compiling /home/henry/ros2_ws/install/vision_rpi_bot/lib/python3.12/site-packages/vision_rpi_bot/subscriber.py to subscriber.cpython-312.pyc
running install_data
running install_egg_info
removing '/home/henry/ros2_ws/install/vision_rpi_bot/lib/python3.12/site-packages/vision_rpi_bot-0.0.0-py3.12.egg-info' (and everything under it)
Copying ../../build/vision_rpi_bot/vision_rpi_bot.egg-info to /home/henry/ros2_ws/install/vision_rpi_bot/lib/python3.12/site-packages/vision_rpi_bot-0.0.0-py3.12.egg-info
running install_scripts
writing list of installed files to '/home/henry/ros2_ws/build/vision_rpi_bot/install.log'
